<?xml version="1.0" encoding="UTF-8"?>
<!-- Generated by org.testng.reporters.JUnitReportReporter -->
<testsuite skipped="0" hostname="LAP-TZD-1x74463" name="com.pas.validateDependent" tests="2" failures="0" timestamp="09 Mar 2020 19:09:47 GMT" time="0.013" errors="0">
  <testcase name="addDependent" time="0.012" classname="com.pas.validateDependent"/>
  <testcase name="changeDependentValues" time="0.001" classname="com.pas.validateDependent"/>
</testsuite> <!-- com.pas.validateDependent -->
