<?xml version="1.0" encoding="UTF-8"?>
<!-- Generated by org.testng.reporters.JUnitReportReporter -->
<testsuite skipped="0" hostname="LAP-TZD-1x74463" name="pasTests.ManagePromoCodeValidation" tests="5" failures="0" timestamp="01 Apr 2020 12:56:50 GMT" time="17.112" errors="0">
  <testcase name="errPromoCode" time="3.204" classname="pasTests.ManagePromoCodeValidation"/>
  <testcase name="errDiscountRate" time="3.184" classname="pasTests.ManagePromoCodeValidation"/>
  <testcase name="errPromoDescription" time="3.956" classname="pasTests.ManagePromoCodeValidation"/>
  <testcase name="errClub" time="3.453" classname="pasTests.ManagePromoCodeValidation"/>
  <testcase name="errEffectiveDate" time="3.315" classname="pasTests.ManagePromoCodeValidation"/>
</testsuite> <!-- pasTests.ManagePromoCodeValidation -->
