<?xml version="1.0" encoding="UTF-8"?>
<!-- Generated by org.testng.reporters.JUnitReportReporter -->
<testsuite skipped="0" hostname="DESKTOP-6LOFIF6" name="RACVTests.LoginToRACV" tests="2" failures="0" timestamp="08 Feb 2020 15:19:16 GMT" time="2.485" errors="0">
  <testcase name="clickPolicyNumber" time="0.061" classname="RACVTests.LoginToRACV"/>
  <testcase name="loginApp" time="2.424" classname="RACVTests.LoginToRACV"/>
</testsuite> <!-- RACVTests.LoginToRACV -->
