<?xml version="1.0" encoding="UTF-8"?>
<!-- Generated by org.testng.reporters.JUnitReportReporter -->
<testsuite skipped="0" hostname="LAP-TZD-1x74463" name="com.pas.test2" tests="2" failures="0" timestamp="09 Mar 2020 19:53:28 GMT" time="0.007" errors="0">
  <testcase name="test3" time="0.005" classname="com.pas.test2"/>
  <testcase name="test4" time="0.002" classname="com.pas.test2"/>
</testsuite> <!-- com.pas.test2 -->
