<?xml version="1.0" encoding="UTF-8"?>
<!-- Generated by org.testng.reporters.JUnitReportReporter -->
<testsuite skipped="0" hostname="LAP-TZD-1x74463" name="pasTests.VerifyLinks" tests="3" failures="0" timestamp="31 Mar 2020 18:12:47 GMT" time="28.317" errors="0">
  <testcase name="tc3" time="14.388" classname="pasTests.VerifyLinks"/>
  <testcase name="tc1" time="0.328" classname="pasTests.VerifyLinks"/>
  <testcase name="tc2" time="13.601" classname="pasTests.VerifyLinks"/>
</testsuite> <!-- pasTests.VerifyLinks -->
