<?xml version="1.0" encoding="UTF-8"?>
<!-- Generated by org.testng.reporters.JUnitReportReporter -->
<testsuite hostname="LAP-TZD-0X73500" name="b2cTests.GetAQuoteRACQ" tests="1" failures="0" timestamp="27 Mar 2020 13:41:18 GMT" time="341.434" errors="0">
  <testcase name="testSingleTripInternationalNoMedicalCondition" time="341.434" classname="b2cTests.GetAQuoteRACQ"/>
</testsuite> <!-- b2cTests.GetAQuoteRACQ -->
