<?xml version="1.0" encoding="UTF-8"?>
<!-- Generated by org.testng.reporters.JUnitReportReporter -->
<testsuite skipped="0" hostname="LAP-TZD-1x74463" name="pasTests.ManagePromoCodes" tests="3" failures="0" timestamp="01 Apr 2020 11:58:30 GMT" time="649.823" errors="0">
  <testcase name="tc3" time="128.276" classname="pasTests.ManagePromoCodes"/>
  <testcase name="tc1" time="276.584" classname="pasTests.ManagePromoCodes"/>
  <testcase name="tc2" time="244.963" classname="pasTests.ManagePromoCodes"/>
</testsuite> <!-- pasTests.ManagePromoCodes -->
