<?xml version="1.0" encoding="UTF-8"?>
<!-- Generated by org.testng.reporters.JUnitReportReporter -->
<testsuite skipped="0" hostname="LAP-TZD-1x74463" name="b2cTests.GetAquoteAANT" tests="7" failures="0" timestamp="25 Mar 2020 11:30:32 GMT" time="3127.197" errors="0">
  <testcase name="testSingleTripInternationalYesMedicalCondition" time="554.382" classname="b2cTests.GetAquoteAANT"/>
  <testcase name="testforDomesticAMTNoMedicalCondition" time="351.284" classname="b2cTests.GetAquoteAANT"/>
  <testcase name="testSingleTripInternationalNoMedicalCondition" time="383.325" classname="b2cTests.GetAquoteAANT"/>
  <testcase name="testAnnualMulTiTripInternationalNoMedicalCondition" time="476.882" classname="b2cTests.GetAquoteAANT"/>
  <testcase name="testforDomesticSingleTripNoMedicalCondition" time="293.345" classname="b2cTests.GetAquoteAANT"/>
  <testcase name="testSingleTripDomesticYesMedicalCondition" time="544.626" classname="b2cTests.GetAquoteAANT"/>
  <testcase name="testforDomesticAMTYesMedicalCondition" time="523.353" classname="b2cTests.GetAquoteAANT"/>
</testsuite> <!-- b2cTests.GetAquoteAANT -->
