<?xml version="1.0" encoding="UTF-8"?>
<!-- Generated by org.testng.reporters.JUnitReportReporter -->
<testsuite hostname="LAP-TZD-0X73500" name="b2cTests.GetAquoteRAC" tests="1" failures="0" timestamp="27 Mar 2020 12:26:14 GMT" time="337.585" errors="0">
  <testcase name="testSingleTripInternationalNoMedicalCondition" time="337.585" classname="b2cTests.GetAquoteRAC"/>
</testsuite> <!-- b2cTests.GetAquoteRAC -->
