<?xml version="1.0" encoding="UTF-8"?>
<!-- Generated by org.testng.reporters.JUnitReportReporter -->
<testsuite skipped="0" hostname="LAP-TZD-1x74463" name="RACVTests.changingTravelCare" tests="1" failures="0" timestamp="28 Feb 2020 20:26:39 GMT" time="3.164" errors="0">
  <testcase name="loginApp" time="3.164" classname="RACVTests.changingTravelCare"/>
</testsuite> <!-- RACVTests.changingTravelCare -->
