<?xml version="1.0" encoding="UTF-8"?>
<!-- Generated by org.testng.reporters.JUnitReportReporter -->
<testsuite hostname="LAP-TZD-0X73500" name="b2cTests.GetAquoteRAA" tests="1" failures="0" timestamp="27 Mar 2020 13:55:03 GMT" time="351.582" errors="0">
  <testcase name="testSingleTripInternationalNoMedicalCondition" time="351.582" classname="b2cTests.GetAquoteRAA"/>
</testsuite> <!-- b2cTests.GetAquoteRAA -->
