<?xml version="1.0" encoding="UTF-8"?>
<!-- Generated by org.testng.reporters.JUnitReportReporter -->
<testsuite skipped="0" hostname="LAP-TZD-1x74463" name="com.pas.VerifyLinks" tests="1" failures="0" timestamp="09 Mar 2020 19:09:47 GMT" time="0.007" errors="0">
  <testcase name="verifyViewPDSlink" time="0.007" classname="com.pas.VerifyLinks"/>
</testsuite> <!-- com.pas.VerifyLinks -->
