<?xml version="1.0" encoding="UTF-8"?>
<!-- Generated by org.testng.reporters.JUnitReportReporter -->
<testsuite skipped="0" hostname="LAP-TZD-1x74463" name="com.pas.test1" tests="2" failures="0" timestamp="09 Mar 2020 19:53:28 GMT" time="0.022" errors="0">
  <testcase name="testone" time="0.020" classname="com.pas.test1"/>
  <testcase name="test" time="0.002" classname="com.pas.test1"/>
</testsuite> <!-- com.pas.test1 -->
