<?xml version="1.0" encoding="UTF-8"?>
<!-- Generated by org.testng.reporters.JUnitReportReporter -->
<testsuite skipped="0" hostname="LAP-TZD-1x74463" name="pasTests.LoginPageValidation" tests="4" failures="0" timestamp="31 Mar 2020 18:12:46 GMT" time="53.332" errors="0">
  <testcase name="tc3" time="5.129" classname="pasTests.LoginPageValidation"/>
  <testcase name="tc4" time="34.140" classname="pasTests.LoginPageValidation"/>
  <testcase name="tc2" time="9.193" classname="pasTests.LoginPageValidation"/>
  <testcase name="tc1" time="4.870" classname="pasTests.LoginPageValidation"/>
</testsuite> <!-- pasTests.LoginPageValidation -->
